Symbol range map extraction starting
Processing 19 files
startProcessing "com\jtmnf\simpleoregen\SimpleOreGen.java" md5: 0f6c6af43310617896834c1c14f878fb
endProcessing "com\jtmnf\simpleoregen\SimpleOreGen.java"

startProcessing "com\jtmnf\simpleoregen\blocks\CustomWorldGenBlock.java" md5: 9c7b7f832aaff38763195edf05829521
Cache Hit!
endProcessing "com\jtmnf\simpleoregen\blocks\CustomWorldGenBlock.java"

startProcessing "com\jtmnf\simpleoregen\blocks\EventWorldHandler.java" md5: e4cff31c90949f955b0f137c74c8aec1
Cache Hit!
endProcessing "com\jtmnf\simpleoregen\blocks\EventWorldHandler.java"

startProcessing "com\jtmnf\simpleoregen\command\ClearCommand.java" md5: dff1152eb2895db37c70489f4bd8659f
Cache Hit!
endProcessing "com\jtmnf\simpleoregen\command\ClearCommand.java"

startProcessing "com\jtmnf\simpleoregen\command\CountCommand.java" md5: 4fc2498d3611a475920919741c28ba02
Cache Hit!
endProcessing "com\jtmnf\simpleoregen\command\CountCommand.java"

startProcessing "com\jtmnf\simpleoregen\command\SpawnCommand.java" md5: 699fd870c2ee3e61d560021d7de51c77
Cache Hit!
endProcessing "com\jtmnf\simpleoregen\command\SpawnCommand.java"

startProcessing "com\jtmnf\simpleoregen\handler\BedrockHandler.java" md5: 30ac6a97b229337e92cb8f318e2c2caa
Cache Hit!
endProcessing "com\jtmnf\simpleoregen\handler\BedrockHandler.java"

startProcessing "com\jtmnf\simpleoregen\handler\ConfigHandler.java" md5: 2825c305f97eea11755c505c3d1bde0f
Cache Hit!
endProcessing "com\jtmnf\simpleoregen\handler\ConfigHandler.java"

startProcessing "com\jtmnf\simpleoregen\handler\OreGenHandler.java" md5: e3e5814e062bbddd8255420fb3618c91
endProcessing "com\jtmnf\simpleoregen\handler\OreGenHandler.java"

startProcessing "com\jtmnf\simpleoregen\handler\RetroGenWorld.java" md5: 2dea92640d1e723e2c681f86c2a35501
Cache Hit!
endProcessing "com\jtmnf\simpleoregen\handler\RetroGenWorld.java"

startProcessing "com\jtmnf\simpleoregen\handler\TickHandler.java" md5: c79bf2ba4bcb5d7a7c13e0e4a6ade925
Cache Hit!
endProcessing "com\jtmnf\simpleoregen\handler\TickHandler.java"

startProcessing "com\jtmnf\simpleoregen\helper\BlockFinder.java" md5: 6ba0446d37a83d21ce2127de88330a93
endProcessing "com\jtmnf\simpleoregen\helper\BlockFinder.java"

startProcessing "com\jtmnf\simpleoregen\helper\ChunkInfo.java" md5: 58644e02aa6a0b92c687272f1330e3f3
Cache Hit!
endProcessing "com\jtmnf\simpleoregen\helper\ChunkInfo.java"

startProcessing "com\jtmnf\simpleoregen\helper\LogHelper.java" md5: caf1cca3d7f1f538c8f7eaf73253d597
Cache Hit!
endProcessing "com\jtmnf\simpleoregen\helper\LogHelper.java"

startProcessing "com\jtmnf\simpleoregen\helper\XMLCommandsParser.java" md5: a4134673f0670e68e194548e580fb204
Cache Hit!
endProcessing "com\jtmnf\simpleoregen\helper\XMLCommandsParser.java"

startProcessing "com\jtmnf\simpleoregen\mods\Compatibility.java" md5: c30111b2909298df2826781f2e7db802
Cache Hit!
endProcessing "com\jtmnf\simpleoregen\mods\Compatibility.java"

startProcessing "com\jtmnf\simpleoregen\proxy\ClientProxy.java" md5: ab564c5697f1b579ee9d4373a04903a8
Cache Hit!
endProcessing "com\jtmnf\simpleoregen\proxy\ClientProxy.java"

startProcessing "com\jtmnf\simpleoregen\proxy\CommonProxy.java" md5: 8d1e9a4cd92141b57a87645d8dbfc8af
Cache Hit!
endProcessing "com\jtmnf\simpleoregen\proxy\CommonProxy.java"

startProcessing "com\jtmnf\simpleoregen\proxy\ServerProxy.java" md5: 3191ac3305b3b8626ba268539e081440
Cache Hit!
endProcessing "com\jtmnf\simpleoregen\proxy\ServerProxy.java"

